<?xml version="1.0" encoding="UTF-8"?>
<testsuite xmlns:xsi="http://www.w3.org/2001/XMLSchema-instance" xsi:noNamespaceSchemaLocation="https://maven.apache.org/surefire/maven-surefire-plugin/xsd/surefire-test-report.xsd" name="BackgroundPackage.TestRunnerClassBackgroundDemo" time="1.444" tests="2" errors="0" skipped="0" failures="0">
  <properties>
[...]
</properties>
  <testcase name="Sample" classname="Sample functionality" time="0.169"/>
  <testcase name="Sample1" classname="Sample functionality" time="0.009"/>
</testsuite>